<?xml version="1.0" encoding="UTF-8"?>
<!-- Generated by org.testng.reporters.JUnitXMLReporter -->
<testsuite hostname="Kamal" ignored="0" name="Free CRM App Test Cases" tests="11" failures="1" timestamp="2025-06-14T00:51:47 EDT" time="39.689" errors="0">
  <testcase name="loginPageTitleTest" time="0.008" classname="com.crm.qa.test.LoginPageTest"/>
  <testcase name="crmLogoImageTest" time="0.209" classname="com.crm.qa.test.LoginPageTest">
    <failure type="java.lang.AssertionError" message="expected [true] but found [false]">
      <![CDATA[java.lang.AssertionError: expected [true] but found [false]
at com.crm.qa.test.LoginPageTest.crmLogoImageTest(LoginPageTest.java:35)
at java.util.ArrayList.forEach(Unknown Source)
... Removed 31 stack frames]]>
    </failure>
  </testcase> <!-- crmLogoImageTest -->
  <testcase name="loginTest" time="0.307" classname="com.crm.qa.test.LoginPageTest"/>
  <testcase name="homePageTitleTest" time="0.005" classname="com.crm.qa.test.HomePageTest"/>
  <testcase name="validateUsernameTest" time="0.85" classname="com.crm.qa.test.HomePageTest"/>
  <testcase name="clickTimePageTest" time="1.207" classname="com.crm.qa.test.HomePageTest"/>
  <testcase name="clickRecruitmentPageTest" time="1.282" classname="com.crm.qa.test.HomePageTest"/>
  <testcase name="verifyRecruitmentPageLabel" time="0.174" classname="com.crm.qa.test.RecruitmentPageTest"/>
  <testcase name="verifySearchButton" time="0.429" classname="com.crm.qa.test.RecruitmentPageTest"/>
  <testcase name="verifySearchButton" time="0.445" classname="com.crm.qa.test.RecruitmentPageTest"/>
  <testcase name="verifySearchButton" time="0.466" classname="com.crm.qa.test.RecruitmentPageTest"/>
</testsuite> <!-- Free CRM App Test Cases -->
