<?xml version="1.0" encoding="UTF-8"?>
<testng-results skipped="0" failed="1" ignored="0" total="11" passed="10">
  <reporter-output>
  </reporter-output>
  <suite name="FREE CRM Application Test Automation Test Suite" duration-ms="39689" started-at="2025-06-14T00:51:07 EDT" finished-at="2025-06-14T00:51:47 EDT">
    <groups>
    </groups>
    <test name="Free CRM App Test Cases" duration-ms="39689" started-at="2025-06-14T00:51:07 EDT" finished-at="2025-06-14T00:51:47 EDT">
      <class name="com.crm.qa.test.RecruitmentPageTest">
        <test-method status="PASS" signature="setUp()[pri:0, instance:com.crm.qa.test.RecruitmentPageTest@10959ece]" name="setUp" is-config="true" duration-ms="3286" started-at="2025-06-14T00:51:30 EDT" finished-at="2025-06-14T00:51:33 EDT">
          <reporter-output>
          </reporter-output>
        </test-method> <!-- setUp -->
        <test-method status="PASS" signature="verifyRecruitmentPageLabel()[pri:1, instance:com.crm.qa.test.RecruitmentPageTest@10959ece]" name="verifyRecruitmentPageLabel" duration-ms="174" started-at="2025-06-14T00:51:33 EDT" finished-at="2025-06-14T00:51:33 EDT">
          <reporter-output>
          </reporter-output>
        </test-method> <!-- verifyRecruitmentPageLabel -->
        <test-method status="PASS" signature="tearDown()[pri:0, instance:com.crm.qa.test.RecruitmentPageTest@10959ece]" name="tearDown" is-config="true" duration-ms="632" started-at="2025-06-14T00:51:33 EDT" finished-at="2025-06-14T00:51:34 EDT">
          <reporter-output>
          </reporter-output>
        </test-method> <!-- tearDown -->
        <test-method status="PASS" signature="setUp()[pri:0, instance:com.crm.qa.test.RecruitmentPageTest@10959ece]" name="setUp" is-config="true" duration-ms="3294" started-at="2025-06-14T00:51:34 EDT" finished-at="2025-06-14T00:51:37 EDT">
          <reporter-output>
          </reporter-output>
        </test-method> <!-- setUp -->
        <test-method status="PASS" signature="verifySearchButton(com.crm.qa.util.KeywordData)[pri:2, instance:com.crm.qa.test.RecruitmentPageTest@10959ece]" name="verifySearchButton" duration-ms="429" started-at="2025-06-14T00:51:37 EDT" data-provider="getKeywordTestData" finished-at="2025-06-14T00:51:38 EDT">
          <params>
            <param index="0">
              <value>
                <![CDATA[com.crm.qa.util.KeywordData@5c48b72c]]>
              </value>
            </param>
          </params>
          <reporter-output>
          </reporter-output>
        </test-method> <!-- verifySearchButton -->
        <test-method status="PASS" signature="tearDown()[pri:0, instance:com.crm.qa.test.RecruitmentPageTest@10959ece]" name="tearDown" is-config="true" duration-ms="619" started-at="2025-06-14T00:51:38 EDT" finished-at="2025-06-14T00:51:38 EDT">
          <reporter-output>
          </reporter-output>
        </test-method> <!-- tearDown -->
        <test-method status="PASS" signature="setUp()[pri:0, instance:com.crm.qa.test.RecruitmentPageTest@10959ece]" name="setUp" is-config="true" duration-ms="3340" started-at="2025-06-14T00:51:38 EDT" finished-at="2025-06-14T00:51:41 EDT">
          <reporter-output>
          </reporter-output>
        </test-method> <!-- setUp -->
        <test-method status="PASS" signature="verifySearchButton(com.crm.qa.util.KeywordData)[pri:2, instance:com.crm.qa.test.RecruitmentPageTest@10959ece]" name="verifySearchButton" duration-ms="445" started-at="2025-06-14T00:51:41 EDT" data-provider="getKeywordTestData" finished-at="2025-06-14T00:51:42 EDT">
          <params>
            <param index="0">
              <value>
                <![CDATA[com.crm.qa.util.KeywordData@191a0351]]>
              </value>
            </param>
          </params>
          <reporter-output>
          </reporter-output>
        </test-method> <!-- verifySearchButton -->
        <test-method status="PASS" signature="tearDown()[pri:0, instance:com.crm.qa.test.RecruitmentPageTest@10959ece]" name="tearDown" is-config="true" duration-ms="624" started-at="2025-06-14T00:51:42 EDT" finished-at="2025-06-14T00:51:43 EDT">
          <reporter-output>
          </reporter-output>
        </test-method> <!-- tearDown -->
        <test-method status="PASS" signature="setUp()[pri:0, instance:com.crm.qa.test.RecruitmentPageTest@10959ece]" name="setUp" is-config="true" duration-ms="3254" started-at="2025-06-14T00:51:43 EDT" finished-at="2025-06-14T00:51:46 EDT">
          <reporter-output>
          </reporter-output>
        </test-method> <!-- setUp -->
        <test-method status="PASS" signature="verifySearchButton(com.crm.qa.util.KeywordData)[pri:2, instance:com.crm.qa.test.RecruitmentPageTest@10959ece]" name="verifySearchButton" duration-ms="466" started-at="2025-06-14T00:51:46 EDT" data-provider="getKeywordTestData" finished-at="2025-06-14T00:51:46 EDT">
          <params>
            <param index="0">
              <value>
                <![CDATA[com.crm.qa.util.KeywordData@1ee40b5c]]>
              </value>
            </param>
          </params>
          <reporter-output>
          </reporter-output>
        </test-method> <!-- verifySearchButton -->
        <test-method status="PASS" signature="tearDown()[pri:0, instance:com.crm.qa.test.RecruitmentPageTest@10959ece]" name="tearDown" is-config="true" duration-ms="601" started-at="2025-06-14T00:51:46 EDT" finished-at="2025-06-14T00:51:47 EDT">
          <reporter-output>
          </reporter-output>
        </test-method> <!-- tearDown -->
      </class> <!-- com.crm.qa.test.RecruitmentPageTest -->
      <class name="com.crm.qa.test.LoginPageTest">
        <test-method status="PASS" signature="setUp()[pri:0, instance:com.crm.qa.test.LoginPageTest@5f16132a]" name="setUp" is-config="true" duration-ms="2740" started-at="2025-06-14T00:51:07 EDT" finished-at="2025-06-14T00:51:10 EDT">
          <reporter-output>
          </reporter-output>
        </test-method> <!-- setUp -->
        <test-method status="PASS" signature="loginPageTitleTest()[pri:1, instance:com.crm.qa.test.LoginPageTest@5f16132a]" name="loginPageTitleTest" duration-ms="8" started-at="2025-06-14T00:51:10 EDT" finished-at="2025-06-14T00:51:10 EDT">
          <reporter-output>
          </reporter-output>
        </test-method> <!-- loginPageTitleTest -->
        <test-method status="PASS" signature="tearDown()[pri:0, instance:com.crm.qa.test.LoginPageTest@5f16132a]" name="tearDown" is-config="true" duration-ms="633" started-at="2025-06-14T00:51:10 EDT" finished-at="2025-06-14T00:51:11 EDT">
          <reporter-output>
          </reporter-output>
        </test-method> <!-- tearDown -->
        <test-method status="PASS" signature="setUp()[pri:0, instance:com.crm.qa.test.LoginPageTest@5f16132a]" name="setUp" is-config="true" duration-ms="1667" started-at="2025-06-14T00:51:11 EDT" finished-at="2025-06-14T00:51:12 EDT">
          <reporter-output>
          </reporter-output>
        </test-method> <!-- setUp -->
        <test-method status="FAIL" signature="crmLogoImageTest()[pri:2, instance:com.crm.qa.test.LoginPageTest@5f16132a]" name="crmLogoImageTest" duration-ms="209" started-at="2025-06-14T00:51:12 EDT" finished-at="2025-06-14T00:51:12 EDT">
          <exception class="java.lang.AssertionError">
            <message>
              <![CDATA[expected [true] but found [false]]]>
            </message>
            <full-stacktrace>
              <![CDATA[java.lang.AssertionError: expected [true] but found [false]
at org.testng.Assert.fail(Assert.java:99)
at org.testng.Assert.failNotEquals(Assert.java:1037)
at org.testng.Assert.assertTrue(Assert.java:45)
at org.testng.Assert.assertTrue(Assert.java:55)
at com.crm.qa.test.LoginPageTest.crmLogoImageTest(LoginPageTest.java:35)
at sun.reflect.NativeMethodAccessorImpl.invoke0(Native Method)
at sun.reflect.NativeMethodAccessorImpl.invoke(Unknown Source)
at sun.reflect.DelegatingMethodAccessorImpl.invoke(Unknown Source)
at java.lang.reflect.Method.invoke(Unknown Source)
at org.testng.internal.MethodInvocationHelper.invokeMethod(MethodInvocationHelper.java:133)
at org.testng.internal.TestInvoker.invokeMethod(TestInvoker.java:598)
at org.testng.internal.TestInvoker.invokeTestMethod(TestInvoker.java:173)
at org.testng.internal.MethodRunner.runInSequence(MethodRunner.java:46)
at org.testng.internal.TestInvoker$MethodInvocationAgent.invoke(TestInvoker.java:824)
at org.testng.internal.TestInvoker.invokeTestMethods(TestInvoker.java:146)
at org.testng.internal.TestMethodWorker.invokeTestMethods(TestMethodWorker.java:146)
at org.testng.internal.TestMethodWorker.run(TestMethodWorker.java:128)
at java.util.ArrayList.forEach(Unknown Source)
at org.testng.TestRunner.privateRun(TestRunner.java:794)
at org.testng.TestRunner.run(TestRunner.java:596)
at org.testng.SuiteRunner.runTest(SuiteRunner.java:377)
at org.testng.SuiteRunner.runSequentially(SuiteRunner.java:371)
at org.testng.SuiteRunner.privateRun(SuiteRunner.java:332)
at org.testng.SuiteRunner.run(SuiteRunner.java:276)
at org.testng.SuiteRunnerWorker.runSuite(SuiteRunnerWorker.java:53)
at org.testng.SuiteRunnerWorker.run(SuiteRunnerWorker.java:96)
at org.testng.TestNG.runSuitesSequentially(TestNG.java:1212)
at org.testng.TestNG.runSuitesLocally(TestNG.java:1134)
at org.testng.TestNG.runSuites(TestNG.java:1063)
at org.testng.TestNG.run(TestNG.java:1031)
at org.testng.remote.AbstractRemoteTestNG.run(AbstractRemoteTestNG.java:115)
at org.testng.remote.RemoteTestNG.initAndRun(RemoteTestNG.java:251)
at org.testng.remote.RemoteTestNG.main(RemoteTestNG.java:77)
]]>
            </full-stacktrace>
          </exception> <!-- java.lang.AssertionError -->
          <reporter-output>
          </reporter-output>
        </test-method> <!-- crmLogoImageTest -->
        <test-method status="PASS" signature="tearDown()[pri:0, instance:com.crm.qa.test.LoginPageTest@5f16132a]" name="tearDown" is-config="true" duration-ms="598" started-at="2025-06-14T00:51:12 EDT" finished-at="2025-06-14T00:51:13 EDT">
          <reporter-output>
          </reporter-output>
        </test-method> <!-- tearDown -->
        <test-method status="PASS" signature="setUp()[pri:0, instance:com.crm.qa.test.LoginPageTest@5f16132a]" name="setUp" is-config="true" duration-ms="1733" started-at="2025-06-14T00:51:13 EDT" finished-at="2025-06-14T00:51:15 EDT">
          <reporter-output>
          </reporter-output>
        </test-method> <!-- setUp -->
        <test-method status="PASS" signature="loginTest()[pri:3, instance:com.crm.qa.test.LoginPageTest@5f16132a]" name="loginTest" duration-ms="307" started-at="2025-06-14T00:51:15 EDT" finished-at="2025-06-14T00:51:15 EDT">
          <reporter-output>
          </reporter-output>
        </test-method> <!-- loginTest -->
        <test-method status="PASS" signature="tearDown()[pri:0, instance:com.crm.qa.test.LoginPageTest@5f16132a]" name="tearDown" is-config="true" duration-ms="602" started-at="2025-06-14T00:51:15 EDT" finished-at="2025-06-14T00:51:16 EDT">
          <reporter-output>
          </reporter-output>
        </test-method> <!-- tearDown -->
      </class> <!-- com.crm.qa.test.LoginPageTest -->
      <class name="com.crm.qa.test.HomePageTest">
        <test-method status="PASS" signature="setUp()[pri:0, instance:com.crm.qa.test.HomePageTest@49dc7102]" name="setUp" is-config="true" duration-ms="2057" started-at="2025-06-14T00:51:16 EDT" finished-at="2025-06-14T00:51:18 EDT">
          <reporter-output>
          </reporter-output>
        </test-method> <!-- setUp -->
        <test-method status="PASS" signature="homePageTitleTest()[pri:1, instance:com.crm.qa.test.HomePageTest@49dc7102]" name="homePageTitleTest" duration-ms="5" started-at="2025-06-14T00:51:18 EDT" finished-at="2025-06-14T00:51:18 EDT">
          <reporter-output>
          </reporter-output>
        </test-method> <!-- homePageTitleTest -->
        <test-method status="PASS" signature="tearDown()[pri:0, instance:com.crm.qa.test.HomePageTest@49dc7102]" name="tearDown" is-config="true" duration-ms="619" started-at="2025-06-14T00:51:18 EDT" finished-at="2025-06-14T00:51:18 EDT">
          <reporter-output>
          </reporter-output>
        </test-method> <!-- tearDown -->
        <test-method status="PASS" signature="setUp()[pri:0, instance:com.crm.qa.test.HomePageTest@49dc7102]" name="setUp" is-config="true" duration-ms="1992" started-at="2025-06-14T00:51:18 EDT" finished-at="2025-06-14T00:51:20 EDT">
          <reporter-output>
          </reporter-output>
        </test-method> <!-- setUp -->
        <test-method status="PASS" signature="validateUsernameTest()[pri:2, instance:com.crm.qa.test.HomePageTest@49dc7102]" name="validateUsernameTest" duration-ms="850" started-at="2025-06-14T00:51:20 EDT" finished-at="2025-06-14T00:51:21 EDT">
          <reporter-output>
          </reporter-output>
        </test-method> <!-- validateUsernameTest -->
        <test-method status="PASS" signature="tearDown()[pri:0, instance:com.crm.qa.test.HomePageTest@49dc7102]" name="tearDown" is-config="true" duration-ms="633" started-at="2025-06-14T00:51:21 EDT" finished-at="2025-06-14T00:51:22 EDT">
          <reporter-output>
          </reporter-output>
        </test-method> <!-- tearDown -->
        <test-method status="PASS" signature="setUp()[pri:0, instance:com.crm.qa.test.HomePageTest@49dc7102]" name="setUp" is-config="true" duration-ms="1939" started-at="2025-06-14T00:51:22 EDT" finished-at="2025-06-14T00:51:24 EDT">
          <reporter-output>
          </reporter-output>
        </test-method> <!-- setUp -->
        <test-method status="PASS" signature="clickTimePageTest()[pri:3, instance:com.crm.qa.test.HomePageTest@49dc7102]" name="clickTimePageTest" duration-ms="1207" started-at="2025-06-14T00:51:24 EDT" finished-at="2025-06-14T00:51:25 EDT">
          <reporter-output>
          </reporter-output>
        </test-method> <!-- clickTimePageTest -->
        <test-method status="PASS" signature="tearDown()[pri:0, instance:com.crm.qa.test.HomePageTest@49dc7102]" name="tearDown" is-config="true" duration-ms="637" started-at="2025-06-14T00:51:25 EDT" finished-at="2025-06-14T00:51:26 EDT">
          <reporter-output>
          </reporter-output>
        </test-method> <!-- tearDown -->
        <test-method status="PASS" signature="setUp()[pri:0, instance:com.crm.qa.test.HomePageTest@49dc7102]" name="setUp" is-config="true" duration-ms="2042" started-at="2025-06-14T00:51:26 EDT" finished-at="2025-06-14T00:51:28 EDT">
          <reporter-output>
          </reporter-output>
        </test-method> <!-- setUp -->
        <test-method status="PASS" signature="clickRecruitmentPageTest()[pri:4, instance:com.crm.qa.test.HomePageTest@49dc7102]" name="clickRecruitmentPageTest" duration-ms="1282" started-at="2025-06-14T00:51:28 EDT" finished-at="2025-06-14T00:51:29 EDT">
          <reporter-output>
          </reporter-output>
        </test-method> <!-- clickRecruitmentPageTest -->
        <test-method status="PASS" signature="tearDown()[pri:0, instance:com.crm.qa.test.HomePageTest@49dc7102]" name="tearDown" is-config="true" duration-ms="617" started-at="2025-06-14T00:51:29 EDT" finished-at="2025-06-14T00:51:30 EDT">
          <reporter-output>
          </reporter-output>
        </test-method> <!-- tearDown -->
      </class> <!-- com.crm.qa.test.HomePageTest -->
    </test> <!-- Free CRM App Test Cases -->
  </suite> <!-- FREE CRM Application Test Automation Test Suite -->
</testng-results>
